<?xml version="1.0" encoding="UTF-8"?>
<testng-results skipped="0" failed="0" ignored="0" total="1" passed="1">
  <reporter-output>
  </reporter-output>
  <suite name="Suite" duration-ms="5866" started-at="2019-02-04T10:13:24Z" finished-at="2019-02-04T10:13:30Z">
    <groups>
    </groups>
    <test name="Test" duration-ms="5866" started-at="2019-02-04T10:13:24Z" finished-at="2019-02-04T10:13:30Z">
      <class name="com.tests.NewTest">
        <test-method status="PASS" signature="beforeTest()[pri:0, instance:com.tests.NewTest@c42916]" name="beforeTest" is-config="true" duration-ms="4778" started-at="2019-02-04T10:13:24Z" finished-at="2019-02-04T10:13:29Z">
          <reporter-output>
          </reporter-output>
        </test-method> <!-- beforeTest -->
        <test-method status="PASS" signature="f()[pri:0, instance:com.tests.NewTest@c42916]" name="f" duration-ms="321" started-at="2019-02-04T10:13:29Z" finished-at="2019-02-04T10:13:29Z">
          <reporter-output>
          </reporter-output>
        </test-method> <!-- f -->
        <test-method status="PASS" signature="afterTest()[pri:0, instance:com.tests.NewTest@c42916]" name="afterTest" is-config="true" duration-ms="746" started-at="2019-02-04T10:13:29Z" finished-at="2019-02-04T10:13:30Z">
          <reporter-output>
          </reporter-output>
        </test-method> <!-- afterTest -->
      </class> <!-- com.tests.NewTest -->
    </test> <!-- Test -->
  </suite> <!-- Suite -->
</testng-results>
